<?xml version="1.0" encoding="UTF-8"?>
<!-- Generated by org.testng.reporters.JUnitReportReporter -->
<testsuite hostname="LAPTOP-60J7QEQ1" failures="0" tests="1" name="basicTest.BasicAPITest" time="1.673" errors="0" timestamp="24 Aug 2024 13:56:58 GMT" skipped="0">
  <testcase classname="basicTest.BasicAPITest" name="getSingleUserInfo" time="1.673"/>
</testsuite> <!-- basicTest.BasicAPITest -->
