<?xml version="1.0" encoding="UTF-8"?>
<!-- Generated by org.testng.reporters.JUnitReportReporter -->
<testsuite skipped="0" hostname="LAPTOP-60J7QEQ1" name="api.tests.Test_UserModule" tests="4" failures="0" timestamp="25 Aug 2024 13:43:33 GMT" time="2.770" errors="0">
  <testcase name="testCreateUser" time="2.064" classname="api.tests.Test_UserModule"/>
  <testcase name="testGetUser" time="0.162" classname="api.tests.Test_UserModule"/>
  <testcase name="testUpdateUser" time="0.417" classname="api.tests.Test_UserModule"/>
  <testcase name="testDeleteUser" time="0.127" classname="api.tests.Test_UserModule"/>
</testsuite> <!-- api.tests.Test_UserModule -->
