<?xml version="1.0" encoding="UTF-8"?>
<!-- Generated by org.testng.reporters.JUnitReportReporter -->
<testsuite skipped="0" hostname="LAPTOP-60J7QEQ1" name="api.tests.Test_UserModule_dataProvider" tests="2" failures="0" timestamp="25 Aug 2024 16:04:59 GMT" time="1.937" errors="0">
  <testcase name="testUpdateUser" time="1.797" classname="api.tests.Test_UserModule_dataProvider"/>
  <testcase name="testDeleteUser" time="0.140" classname="api.tests.Test_UserModule_dataProvider"/>
</testsuite> <!-- api.tests.Test_UserModule_dataProvider -->
